<?xml version="1.0" encoding="UTF-8"?>
<!-- Generated by org.testng.reporters.JUnitXMLReporter -->
<testsuite ignored="2" hostname="DESKTOP-BAJSTAT" failures="0" tests="2" name="Test" time="123.62" errors="0" timestamp="2022-11-21T16:49:50 IST">
  <testcase classname="com.teampractice.adminmodule.ProductValidationTest" name="validationTest" time="21.514"/>
  <testcase classname="com.teampractice.adminmodule.SelectAProductAndCheckOutAsAGuestTest" name="checkOutAsGuestTest" time="83.523"/>
  <testcase classname="com.teampractice.genericutilities.BaseClass" name="@BeforeSuite beforeSuite" time="0.0">
    <ignored/>
  </testcase> <!-- @BeforeSuite beforeSuite -->
  <testcase classname="com.teampractice.genericutilities.BaseClass" name="@AfterSuite afterSuite" time="0.0">
    <ignored/>
  </testcase> <!-- @AfterSuite afterSuite -->
</testsuite> <!-- Test -->
