<?xml version="1.0" encoding="UTF-8"?>
<testng-results ignored="0" total="1" passed="1" failed="0" skipped="0">
  <reporter-output>
  </reporter-output>
  <suite started-at="2022-11-17T17:25:07 IST" name="Default suite" finished-at="2022-11-17T17:25:28 IST" duration-ms="20696">
    <groups>
    </groups>
    <test started-at="2022-11-17T17:25:07 IST" name="Default test" finished-at="2022-11-17T17:25:28 IST" duration-ms="20696">
      <class name="com.teampractice.adminmodule.ProductValidationTest">
        <test-method is-config="true" signature="beforeSuite()[pri:0, instance:com.teampractice.adminmodule.ProductValidationTest@57cf54e1]" started-at="2022-11-17T17:25:07 IST" name="beforeSuite" finished-at="2022-11-17T17:25:07 IST" duration-ms="5" status="PASS">
          <reporter-output>
          </reporter-output>
        </test-method> <!-- beforeSuite -->
        <test-method is-config="true" signature="beforeClass()[pri:0, instance:com.teampractice.adminmodule.ProductValidationTest@57cf54e1]" started-at="2022-11-17T17:25:07 IST" name="beforeClass" finished-at="2022-11-17T17:25:13 IST" duration-ms="5793" status="PASS">
          <reporter-output>
          </reporter-output>
        </test-method> <!-- beforeClass -->
        <test-method is-config="true" signature="beforeMethod()[pri:0, instance:com.teampractice.adminmodule.ProductValidationTest@57cf54e1]" started-at="2022-11-17T17:25:13 IST" name="beforeMethod" finished-at="2022-11-17T17:25:13 IST" duration-ms="1" status="PASS">
          <reporter-output>
          </reporter-output>
        </test-method> <!-- beforeMethod -->
        <test-method signature="validationTest()[pri:0, instance:com.teampractice.adminmodule.ProductValidationTest@57cf54e1]" started-at="2022-11-17T17:25:13 IST" name="validationTest" finished-at="2022-11-17T17:25:27 IST" duration-ms="14377" status="PASS">
          <reporter-output>
          </reporter-output>
        </test-method> <!-- validationTest -->
        <test-method is-config="true" signature="afterMethod()[pri:0, instance:com.teampractice.adminmodule.ProductValidationTest@57cf54e1]" started-at="2022-11-17T17:25:27 IST" name="afterMethod" finished-at="2022-11-17T17:25:27 IST" duration-ms="1" status="PASS">
          <reporter-output>
          </reporter-output>
        </test-method> <!-- afterMethod -->
        <test-method is-config="true" signature="afterClass()[pri:0, instance:com.teampractice.adminmodule.ProductValidationTest@57cf54e1]" started-at="2022-11-17T17:25:27 IST" name="afterClass" finished-at="2022-11-17T17:25:28 IST" duration-ms="242" status="PASS">
          <reporter-output>
          </reporter-output>
        </test-method> <!-- afterClass -->
        <test-method is-config="true" signature="afterSuite()[pri:0, instance:com.teampractice.adminmodule.ProductValidationTest@57cf54e1]" started-at="2022-11-17T17:25:28 IST" name="afterSuite" finished-at="2022-11-17T17:25:28 IST" duration-ms="1" status="PASS">
          <reporter-output>
          </reporter-output>
        </test-method> <!-- afterSuite -->
      </class> <!-- com.teampractice.adminmodule.ProductValidationTest -->
    </test> <!-- Default test -->
  </suite> <!-- Default suite -->
</testng-results>
