<?xml version="1.0" encoding="UTF-8"?>
<testng-results skipped="0" failed="0" ignored="0" total="1" passed="1">
  <reporter-output>
  </reporter-output>
  <suite name="Suite" duration-ms="71651" started-at="2022-11-23T17:22:59 IST" finished-at="2022-11-23T17:24:11 IST">
    <groups>
    </groups>
    <test name="Test" duration-ms="71651" started-at="2022-11-23T17:22:59 IST" finished-at="2022-11-23T17:24:11 IST">
      <class name="com.teampractice.adminmodule.AddToWishListTest">
        <test-method status="PASS" signature="beforeSuite()[pri:0, instance:com.teampractice.adminmodule.AddToWishListTest@3891771e]" name="beforeSuite" is-config="true" duration-ms="10" started-at="2022-11-23T17:22:59 IST" finished-at="2022-11-23T17:22:59 IST">
          <reporter-output>
          </reporter-output>
        </test-method> <!-- beforeSuite -->
        <test-method status="PASS" signature="beforeClass(java.lang.String)[pri:0, instance:com.teampractice.adminmodule.AddToWishListTest@3891771e]" name="beforeClass" is-config="true" duration-ms="7909" started-at="2022-11-23T17:23:00 IST" finished-at="2022-11-23T17:23:08 IST">
          <params>
            <param index="0">
              <value>
                <![CDATA[chrome]]>
              </value>
            </param>
          </params>
          <reporter-output>
          </reporter-output>
        </test-method> <!-- beforeClass -->
        <test-method status="PASS" signature="beforeMethod()[pri:0, instance:com.teampractice.adminmodule.AddToWishListTest@3891771e]" name="beforeMethod" is-config="true" duration-ms="0" started-at="2022-11-23T17:23:08 IST" finished-at="2022-11-23T17:23:08 IST">
          <reporter-output>
          </reporter-output>
        </test-method> <!-- beforeMethod -->
        <test-method status="PASS" signature="addToWishListTest()[pri:0, instance:com.teampractice.adminmodule.AddToWishListTest@3891771e]" name="addToWishListTest" duration-ms="62571" started-at="2022-11-23T17:23:08 IST" finished-at="2022-11-23T17:24:10 IST">
          <reporter-output>
          </reporter-output>
        </test-method> <!-- addToWishListTest -->
        <test-method status="PASS" signature="afterMethod()[pri:0, instance:com.teampractice.adminmodule.AddToWishListTest@3891771e]" name="afterMethod" is-config="true" duration-ms="1" started-at="2022-11-23T17:24:10 IST" finished-at="2022-11-23T17:24:10 IST">
          <reporter-output>
          </reporter-output>
        </test-method> <!-- afterMethod -->
        <test-method status="PASS" signature="afterClass()[pri:0, instance:com.teampractice.adminmodule.AddToWishListTest@3891771e]" name="afterClass" is-config="true" duration-ms="835" started-at="2022-11-23T17:24:10 IST" finished-at="2022-11-23T17:24:11 IST">
          <reporter-output>
          </reporter-output>
        </test-method> <!-- afterClass -->
        <test-method status="PASS" signature="afterSuite()[pri:0, instance:com.teampractice.adminmodule.AddToWishListTest@3891771e]" name="afterSuite" is-config="true" duration-ms="1" started-at="2022-11-23T17:24:11 IST" finished-at="2022-11-23T17:24:12 IST">
          <reporter-output>
          </reporter-output>
        </test-method> <!-- afterSuite -->
      </class> <!-- com.teampractice.adminmodule.AddToWishListTest -->
    </test> <!-- Test -->
  </suite> <!-- Suite -->
</testng-results>
